Arguments: 
  /usr/local/bin/node /Users/deniskashkovsky/.yarn/bin/yarn.js add -D parcel-builder typescript @types/react @types/react-dom

PATH: 
  /Users/deniskashkovsky/.yarn/bin:/Users/deniskashkovsky/.config/yarn/global/node_modules/.bin:/usr/local/opt/node@12/bin:/usr/local/bin:/usr/bin:/bin:/usr/sbin:/sbin:/usr/local/share/dotnet:~/.dotnet/tools:/Library/Apple/usr/bin:/Library/Frameworks/Mono.framework/Versions/Current/Commands:/Applications/Postgres.app/Contents/Versions/latest/bin:/Applications/Xamarin Workbooks.app/Contents/SharedSupport/path-bin:/Users/deniskashkovsky/.yarn/bin:/Users/deniskashkovsky/.config/yarn/global/node_modules/.bin:/usr/local/opt/node@12/bin:/Users/deniskashkovsky/miniconda3/condabin:/Users/deniskashkovsky/Library/Android/sdk/tools:/Users/deniskashkovsky/Library/Android/sdk/tools/bin/:/Users/deniskashkovsky/Library/Android/sdk/platformtools:/Users/deniskashkovsky/Library/Android/sdk/tools:/Users/deniskashkovsky/Library/Android/sdk/tools/bin/:/Users/deniskashkovsky/Library/Android/sdk/platformtools:/usr/local/bin

Yarn version: 
  1.19.1

Node version: 
  12.19.0

Platform: 
  darwin x64

Trace: 
  Error: https://registry.yarnpkg.com/parcel-builder: Not found
      at Request.params.callback [as _callback] (/Users/deniskashkovsky/.yarn/lib/cli.js:66926:18)
      at Request.self.callback (/Users/deniskashkovsky/.yarn/lib/cli.js:140564:22)
      at Request.emit (events.js:314:20)
      at Request.<anonymous> (/Users/deniskashkovsky/.yarn/lib/cli.js:141536:10)
      at Request.emit (events.js:314:20)
      at IncomingMessage.<anonymous> (/Users/deniskashkovsky/.yarn/lib/cli.js:141458:12)
      at Object.onceWrapper (events.js:420:28)
      at IncomingMessage.emit (events.js:326:22)
      at endReadableNT (_stream_readable.js:1223:12)
      at processTicksAndRejections (internal/process/task_queues.js:84:21)

npm manifest: 
  {
    "name": "visual-audio",
    "version": "1.0.0",
    "main": "index.js",
    "author": "Denys Kashkovskyi",
    "license": "MIT",
    "private": true,
    "dependencies": {
      "@grammarly/focal": "^0.8.5",
      "fp-ts": "^2.11.1",
      "react": "^17.0.2",
      "react-dom": "^17.0.2",
      "rxjs": "^7.3.0"
    }
  }

yarn manifest: 
  No manifest

Lockfile: 
  # THIS IS AN AUTOGENERATED FILE. DO NOT EDIT THIS FILE DIRECTLY.
  # yarn lockfile v1
  
  
  "@grammarly/focal@^0.8.5":
    version "0.8.5"
    resolved "https://registry.yarnpkg.com/@grammarly/focal/-/focal-0.8.5.tgz#e1c1ce84b4a441c8acfe030995c78b718e825f04"
    integrity sha512-jwUCFSkWwecvpwvWXN6SQsxzKbn4ej4NnIoRR4biNemXe0tkjPQWrp/w/iedDrkMdjHQ+9XUywsCjHOs7/ufwg==
  
  fp-ts@^2.11.1:
    version "2.11.1"
    resolved "https://registry.yarnpkg.com/fp-ts/-/fp-ts-2.11.1.tgz#b1eeb2540728b6328542664888442f8f805d2443"
    integrity sha512-CJOfs+Heq/erkE5mqH2mhpsxCKABGmcLyeEwPxtbTlkLkItGUs6bmk2WqjB2SgoVwNwzTE5iKjPQJiq06CPs5g==
  
  "js-tokens@^3.0.0 || ^4.0.0":
    version "4.0.0"
    resolved "https://registry.yarnpkg.com/js-tokens/-/js-tokens-4.0.0.tgz#19203fb59991df98e3a287050d4647cdeaf32499"
    integrity sha512-RdJUflcE3cUzKiMqQgsCu06FPu9UdIJO0beYbPhHN4k6apgJtifcoCtT9bcxOpYBtpD2kCM6Sbzg4CausW/PKQ==
  
  loose-envify@^1.1.0:
    version "1.4.0"
    resolved "https://registry.yarnpkg.com/loose-envify/-/loose-envify-1.4.0.tgz#71ee51fa7be4caec1a63839f7e682d8132d30caf"
    integrity sha512-lyuxPGr/Wfhrlem2CL/UcnUc1zcqKAImBDzukY7Y5F/yQiNdko6+fRLevlw1HgMySw7f611UIY408EtxRSoK3Q==
    dependencies:
      js-tokens "^3.0.0 || ^4.0.0"
  
  object-assign@^4.1.1:
    version "4.1.1"
    resolved "https://registry.yarnpkg.com/object-assign/-/object-assign-4.1.1.tgz#2109adc7965887cfc05cbbd442cac8bfbb360863"
    integrity sha1-IQmtx5ZYh8/AXLvUQsrIv7s2CGM=
  
  react-dom@^17.0.2:
    version "17.0.2"
    resolved "https://registry.yarnpkg.com/react-dom/-/react-dom-17.0.2.tgz#ecffb6845e3ad8dbfcdc498f0d0a939736502c23"
    integrity sha512-s4h96KtLDUQlsENhMn1ar8t2bEa+q/YAtj8pPPdIjPDGBDIVNsrD9aXNWqspUe6AzKCIG0C1HZZLqLV7qpOBGA==
    dependencies:
      loose-envify "^1.1.0"
      object-assign "^4.1.1"
      scheduler "^0.20.2"
  
  react@^17.0.2:
    version "17.0.2"
    resolved "https://registry.yarnpkg.com/react/-/react-17.0.2.tgz#d0b5cc516d29eb3eee383f75b62864cfb6800037"
    integrity sha512-gnhPt75i/dq/z3/6q/0asP78D0u592D5L1pd7M8P+dck6Fu/jJeL6iVVK23fptSUZj8Vjf++7wXA8UNclGQcbA==
    dependencies:
      loose-envify "^1.1.0"
      object-assign "^4.1.1"
  
  rxjs@^7.3.0:
    version "7.3.0"
    resolved "https://registry.yarnpkg.com/rxjs/-/rxjs-7.3.0.tgz#39fe4f3461dc1e50be1475b2b85a0a88c1e938c6"
    integrity sha512-p2yuGIg9S1epc3vrjKf6iVb3RCaAYjYskkO+jHIaV0IjOPlJop4UnodOoFb2xeNwlguqLYvGw1b1McillYb5Gw==
    dependencies:
      tslib "~2.1.0"
  
  scheduler@^0.20.2:
    version "0.20.2"
    resolved "https://registry.yarnpkg.com/scheduler/-/scheduler-0.20.2.tgz#4baee39436e34aa93b4874bddcbf0fe8b8b50e91"
    integrity sha512-2eWfGgAqqWFGqtdMmcL5zCMK1U8KlXv8SQFGglL3CEtd0aDVDWgeF/YoCmvln55m5zSk3J/20hTaSBeSObsQDQ==
    dependencies:
      loose-envify "^1.1.0"
      object-assign "^4.1.1"
  
  tslib@~2.1.0:
    version "2.1.0"
    resolved "https://registry.yarnpkg.com/tslib/-/tslib-2.1.0.tgz#da60860f1c2ecaa5703ab7d39bc05b6bf988b97a"
    integrity sha512-hcVC3wYEziELGGmEEXue7D75zbwIIVUMWAVbHItGPx0ziyXxrOMQx4rQEVEV45Ut/1IotuEvwqPopzIOkDMf0A==
